<?xml version="1.0" encoding="utf-8"?><testsuites name="pytest tests"><testsuite name="pytest" errors="1" failures="0" skipped="0" tests="1" time="0.167" timestamp="2026-09-14T18:25:38.362459+08:00" hostname="dev"><testcase classname="" name="tests.test_pi05_openpi_parity" time="0.000"><error message="collection failure">ImportError while importing test module '/data/mm64/nrwu/work/carrot/tests/test_pi05_openpi_parity.py'.
Hint: make sure your test modules/packages have valid Python names.
Traceback:
/usr/lib64/python3.11/importlib/__init__.py:126: in import_module
    return _bootstrap._gcd_import(name[level:], package, level)
           ^^^^^^^^^^^^^^^^^^^^^^^^^^^^^^^^^^^^^^^^^^^^^^^^^^^^
tests/test_pi05_openpi_parity.py:9: in &lt;module&gt;
    import torch
E   ModuleNotFoundError: No module named 'torch'</error></testcase></testsuite></testsuites>